mode: set
github.com/viviviviviid/go-coin/utils/utils.go:16.27,17.16 1 1
github.com/viviviviviid/go-coin/utils/utils.go:17.16,19.3 1 1
github.com/viviviviviid/go-coin/utils/utils.go:22.36,27.2 4 1
github.com/viviviviviid/go-coin/utils/utils.go:30.44,33.2 2 1
github.com/viviviviviid/go-coin/utils/utils.go:36.33,40.2 3 1
github.com/viviviviviid/go-coin/utils/utils.go:42.55,44.22 2 1
github.com/viviviviviid/go-coin/utils/utils.go:44.22,46.3 1 1
github.com/viviviviviid/go-coin/utils/utils.go:47.2,47.17 1 1
github.com/viviviviviid/go-coin/utils/utils.go:50.35,54.2 3 1
github.com/viviviviviid/go-coin/wallet/wallet.go:29.35,32.2 2 0
github.com/viviviviviid/go-coin/wallet/wallet.go:34.74,36.2 1 0
github.com/viviviviviid/go-coin/wallet/wallet.go:38.52,40.2 1 0
github.com/viviviviviid/go-coin/wallet/wallet.go:51.41,55.2 3 0
github.com/viviviviviid/go-coin/wallet/wallet.go:57.40,62.2 4 0
github.com/viviviviviid/go-coin/wallet/wallet.go:64.43,71.2 5 0
github.com/viviviviviid/go-coin/wallet/wallet.go:73.40,76.2 2 1
github.com/viviviviviid/go-coin/wallet/wallet.go:78.43,80.2 1 1
github.com/viviviviviid/go-coin/wallet/wallet.go:82.45,88.2 5 1
github.com/viviviviviid/go-coin/wallet/wallet.go:90.65,92.16 2 1
github.com/viviviviviid/go-coin/wallet/wallet.go:92.16,94.3 1 1
github.com/viviviviviid/go-coin/wallet/wallet.go:95.2,100.26 6 1
github.com/viviviviviid/go-coin/wallet/wallet.go:103.54,117.2 9 1
github.com/viviviviviid/go-coin/wallet/wallet.go:119.23,120.14 1 0
github.com/viviviviviid/go-coin/wallet/wallet.go:120.14,124.28 2 0
github.com/viviviviviid/go-coin/wallet/wallet.go:124.28,128.4 1 0
github.com/viviviviviid/go-coin/wallet/wallet.go:128.9,133.4 3 0
github.com/viviviviviid/go-coin/wallet/wallet.go:134.3,134.35 1 0
github.com/viviviviviid/go-coin/wallet/wallet.go:137.2,137.10 1 0
